TN:
SF:src/cli.ts
FN:12,(anonymous_1)
FN:19,(anonymous_2)
FNF:2
FNH:0
FNDA:0,(anonymous_1)
FNDA:0,(anonymous_2)
DA:4,0
DA:5,0
DA:8,0
DA:13,0
DA:21,0
DA:22,0
DA:23,0
DA:25,0
DA:27,0
LF:9
LH:0
BRDA:22,0,0,0
BRDA:22,0,1,0
BRF:2
BRH:0
end_of_record
TN:
SF:src/githubClient.ts
FN:6,(anonymous_1)
FN:10,(anonymous_2)
FNF:2
FNH:0
FNDA:0,(anonymous_1)
FNDA:0,(anonymous_2)
DA:1,0
DA:3,0
DA:7,0
DA:11,0
DA:20,0
DA:21,0
DA:24,0
LF:7
LH:0
BRDA:20,0,0,0
BRF:1
BRH:0
end_of_record
TN:
SF:src/inputProcessor.ts
FN:4,readURLs
FN:9,(anonymous_7)
FN:13,isValidURL
FN:20,processURLs
FN:25,main
FN:39,(anonymous_11)
FNF:6
FNH:0
FNDA:0,readURLs
FNDA:0,(anonymous_7)
FNDA:0,isValidURL
FNDA:0,processURLs
FNDA:0,main
FNDA:0,(anonymous_11)
DA:1,0
DA:5,0
DA:6,0
DA:8,0
DA:9,0
DA:14,0
DA:15,0
DA:16,0
DA:21,0
DA:26,0
DA:27,0
DA:28,0
DA:29,0
DA:32,0
DA:33,0
DA:34,0
DA:35,0
DA:37,0
DA:38,0
DA:39,0
DA:42,0
DA:43,0
DA:46,0
DA:47,0
DA:48,0
DA:52,0
LF:26
LH:0
BRDA:5,0,0,0
BRDA:16,1,0,0
BRDA:16,1,1,0
BRDA:27,2,0,0
BRDA:42,3,0,0
BRF:5
BRH:0
end_of_record
TN:
SF:src/jestRunner.ts
FN:4,runCommand
FN:5,(anonymous_1)
FN:6,(anonymous_2)
FNF:3
FNH:3
FNDA:5,runCommand
FNDA:5,(anonymous_1)
FNDA:5,(anonymous_2)
DA:1,1
DA:4,1
DA:5,5
DA:6,5
DA:7,5
DA:9,0
DA:12,5
LF:7
LH:6
BRDA:7,0,0,0
BRDA:7,0,1,5
BRDA:9,1,0,0
BRDA:9,1,1,0
BRF:4
BRH:1
end_of_record
TN:
SF:src/main.ts
FN:17,analyzeURL
FN:148,parseGitHubLink
FN:157,parseNpmLink
FN:165,getGitHubFromNpmAxios
FN:167,(anonymous_11)
FN:176,(anonymous_12)
FN:181,checkURL
FN:199,cleanDirectory
FN:205,cloneRepository
FN:238,processUrlFile
FNF:10
FNH:0
FNDA:0,analyzeURL
FNDA:0,parseGitHubLink
FNDA:0,parseNpmLink
FNDA:0,getGitHubFromNpmAxios
FNDA:0,(anonymous_11)
FNDA:0,(anonymous_12)
FNDA:0,checkURL
FNDA:0,cleanDirectory
FNDA:0,cloneRepository
FNDA:0,processUrlFile
DA:1,0
DA:2,0
DA:3,0
DA:4,0
DA:5,0
DA:6,0
DA:7,0
DA:8,0
DA:9,0
DA:10,0
DA:11,0
DA:17,0
DA:18,0
DA:19,0
DA:20,0
DA:23,0
DA:24,0
DA:25,0
DA:26,0
DA:27,0
DA:28,0
DA:30,0
DA:32,0
DA:37,0
DA:38,0
DA:39,0
DA:40,0
DA:42,0
DA:44,0
DA:45,0
DA:46,0
DA:47,0
DA:50,0
DA:51,0
DA:52,0
DA:53,0
DA:55,0
DA:56,0
DA:57,0
DA:58,0
DA:62,0
DA:63,0
DA:64,0
DA:65,0
DA:66,0
DA:67,0
DA:69,0
DA:70,0
DA:71,0
DA:72,0
DA:74,0
DA:77,0
DA:78,0
DA:79,0
DA:81,0
DA:82,0
DA:84,0
DA:85,0
DA:87,0
DA:88,0
DA:90,0
DA:91,0
DA:93,0
DA:94,0
DA:95,0
DA:96,0
DA:97,0
DA:98,0
DA:99,0
DA:100,0
DA:101,0
DA:102,0
DA:103,0
DA:106,0
DA:115,0
DA:116,0
DA:119,0
DA:135,0
DA:136,0
DA:138,0
DA:139,0
DA:142,0
DA:143,0
DA:149,0
DA:150,0
DA:151,0
DA:152,0
DA:154,0
DA:158,0
DA:159,0
DA:160,0
DA:162,0
DA:166,0
DA:168,0
DA:169,0
DA:170,0
DA:171,0
DA:173,0
DA:177,0
DA:182,0
DA:183,0
DA:184,0
DA:185,0
DA:187,0
DA:188,0
DA:189,0
DA:190,0
DA:192,0
DA:195,0
DA:200,0
DA:201,0
DA:206,0
DA:209,0
DA:210,0
DA:214,0
DA:215,0
DA:218,0
DA:219,0
DA:228,0
DA:229,0
DA:231,0
DA:233,0
DA:238,0
DA:239,0
DA:240,0
DA:241,0
DA:242,0
DA:244,0
DA:246,0
DA:247,0
DA:248,0
DA:249,0
DA:253,0
DA:255,0
DA:256,0
DA:261,0
DA:262,0
DA:263,0
DA:264,0
DA:267,0
DA:268,0
LF:141
LH:0
BRDA:23,0,0,0
BRDA:37,1,0,0
BRDA:37,1,1,0
BRDA:37,2,0,0
BRDA:37,2,1,0
BRDA:78,3,0,0
BRDA:81,4,0,0
BRDA:84,5,0,0
BRDA:87,6,0,0
BRDA:90,7,0,0
BRDA:151,8,0,0
BRDA:159,9,0,0
BRDA:170,10,0,0
BRDA:170,10,1,0
BRDA:187,11,0,0
BRDA:187,11,1,0
BRDA:189,12,0,0
BRDA:189,12,1,0
BRDA:200,13,0,0
BRDA:209,14,0,0
BRDA:214,15,0,0
BRDA:228,16,0,0
BRDA:228,16,1,0
BRDA:240,17,0,0
BRDA:248,18,0,0
BRDA:262,19,0,0
BRF:26
BRH:0
end_of_record
TN:
SF:src/parseUrl.ts
FN:1,parseUrl
FNF:1
FNH:0
FNDA:0,parseUrl
DA:1,0
DA:2,0
DA:3,0
DA:4,0
DA:5,0
DA:7,0
DA:8,0
DA:9,0
DA:10,0
DA:13,0
LF:10
LH:0
BRDA:2,0,0,0
BRDA:2,0,1,0
BRDA:4,1,0,0
BRDA:7,2,0,0
BRDA:9,3,0,0
BRF:5
BRH:0
end_of_record
TN:
SF:src/threadPoolPrototype.ts
FN:15,(anonymous_0)
FN:20,(anonymous_1)
FN:27,(anonymous_2)
FN:30,(anonymous_3)
FN:35,(anonymous_4)
FN:41,(anonymous_5)
FN:52,(anonymous_6)
FN:67,(anonymous_7)
FN:73,(anonymous_8)
FN:82,(anonymous_9)
FN:100,(anonymous_10)
FN:100,(anonymous_11)
FN:100,(anonymous_12)
FN:101,(anonymous_13)
FN:101,(anonymous_14)
FN:101,(anonymous_15)
FN:102,(anonymous_16)
FN:102,(anonymous_17)
FN:102,(anonymous_18)
FN:103,(anonymous_19)
FN:103,(anonymous_20)
FN:103,(anonymous_21)
FN:112,(anonymous_22)
FNF:23
FNH:0
FNDA:0,(anonymous_0)
FNDA:0,(anonymous_1)
FNDA:0,(anonymous_2)
FNDA:0,(anonymous_3)
FNDA:0,(anonymous_4)
FNDA:0,(anonymous_5)
FNDA:0,(anonymous_6)
FNDA:0,(anonymous_7)
FNDA:0,(anonymous_8)
FNDA:0,(anonymous_9)
FNDA:0,(anonymous_10)
FNDA:0,(anonymous_11)
FNDA:0,(anonymous_12)
FNDA:0,(anonymous_13)
FNDA:0,(anonymous_14)
FNDA:0,(anonymous_15)
FNDA:0,(anonymous_16)
FNDA:0,(anonymous_17)
FNDA:0,(anonymous_18)
FNDA:0,(anonymous_19)
FNDA:0,(anonymous_20)
FNDA:0,(anonymous_21)
FNDA:0,(anonymous_22)
DA:4,0
DA:11,0
DA:12,0
DA:13,0
DA:15,0
DA:16,0
DA:21,0
DA:22,0
DA:28,0
DA:30,0
DA:31,0
DA:32,0
DA:35,0
DA:36,0
DA:37,0
DA:38,0
DA:41,0
DA:42,0
DA:43,0
DA:44,0
DA:48,0
DA:53,0
DA:55,0
DA:56,0
DA:57,0
DA:58,0
DA:59,0
DA:60,0
DA:61,0
DA:68,0
DA:69,0
DA:74,0
DA:75,0
DA:81,0
DA:82,0
DA:83,0
DA:84,0
DA:85,0
DA:86,0
DA:88,0
DA:94,0
DA:95,0
DA:96,0
DA:99,0
DA:100,0
DA:101,0
DA:102,0
DA:103,0
DA:107,0
DA:108,0
DA:112,0
DA:113,0
DA:114,0
LF:53
LH:0
BRDA:42,0,0,0
BRDA:53,1,0,0
BRDA:53,2,0,0
BRDA:53,2,1,0
BRDA:56,3,0,0
BRDA:59,4,0,0
BRDA:81,5,0,0
BRDA:94,6,0,0
BRF:8
BRH:0
end_of_record
TN:
SF:src/metrics/busFactor.ts
FN:75,metricBusFactor
FN:80,(anonymous_7)
FN:84,(anonymous_8)
FN:109,(anonymous_9)
FN:116,calcBusFactor
FN:130,clampAndFit01
FNF:6
FNH:0
FNDA:0,metricBusFactor
FNDA:0,(anonymous_7)
FNDA:0,(anonymous_8)
FNDA:0,(anonymous_9)
FNDA:0,calcBusFactor
FNDA:0,clampAndFit01
DA:1,0
DA:2,0
DA:3,0
DA:4,0
DA:6,0
DA:7,0
DA:8,0
DA:10,0
DA:45,0
DA:75,0
DA:76,0
DA:79,0
DA:81,0
DA:82,0
DA:83,0
DA:84,0
DA:85,0
DA:86,0
DA:90,0
DA:91,0
DA:94,0
DA:95,0
DA:99,0
DA:100,0
DA:102,0
DA:103,0
DA:104,0
DA:105,0
DA:106,0
DA:107,0
DA:110,0
DA:118,0
DA:119,0
DA:120,0
DA:121,0
DA:131,0
DA:132,0
LF:37
LH:0
BRDA:7,0,0,0
BRDA:81,1,0,0
BRDA:81,1,1,0
BRDA:81,2,0,0
BRDA:81,2,1,0
BRDA:82,3,0,0
BRDA:82,3,1,0
BRDA:82,4,0,0
BRDA:82,4,1,0
BRDA:83,5,0,0
BRDA:83,5,1,0
BRDA:85,6,0,0
BRDA:85,7,0,0
BRDA:85,7,1,0
BRDA:85,7,2,0
BRF:15
BRH:0
end_of_record
TN:
SF:src/metrics/correctness.ts
FN:6,calculateCAD
FNF:1
FNH:0
FNDA:0,calculateCAD
DA:1,0
DA:2,0
DA:3,0
DA:6,0
DA:7,0
DA:9,0
DA:11,0
DA:12,0
DA:13,0
DA:17,0
DA:18,0
DA:19,0
DA:20,0
DA:23,0
DA:24,0
DA:27,0
DA:28,0
DA:31,0
DA:32,0
DA:34,0
DA:36,0
DA:37,0
LF:22
LH:0
BRDA:11,0,0,0
BRF:1
BRH:0
end_of_record
TN:
SF:src/metrics/licenseCompatability.ts
FN:6,isLicenseCompatibleWithLGPLv21
FN:19,(anonymous_2)
FN:23,extractLicenseFromReadme
FN:31,analyzeLicense
FNF:4
FNH:0
FNDA:0,isLicenseCompatibleWithLGPLv21
FNDA:0,(anonymous_2)
FNDA:0,extractLicenseFromReadme
FNDA:0,analyzeLicense
DA:1,0
DA:2,0
DA:3,0
DA:6,0
DA:7,0
DA:19,0
DA:24,0
DA:25,0
DA:26,0
DA:27,0
DA:31,0
DA:32,0
DA:33,0
DA:34,0
DA:36,0
DA:38,0
DA:39,0
DA:40,0
DA:43,0
DA:44,0
DA:45,0
DA:46,0
DA:50,0
DA:51,0
DA:52,0
DA:54,0
DA:57,0
DA:58,0
LF:28
LH:0
BRDA:27,0,0,0
BRDA:27,0,1,0
BRDA:38,1,0,0
BRDA:38,1,1,0
BRDA:43,2,0,0
BRDA:50,3,0,0
BRDA:50,3,1,0
BRDA:50,4,0,0
BRDA:50,4,1,0
BRF:9
BRH:0
end_of_record
TN:
SF:src/metrics/rampUpTime.ts
FN:106,metricRampUpTime
FN:108,(anonymous_7)
FN:111,(anonymous_8)
FN:118,(anonymous_9)
FN:125,(anonymous_10)
FN:154,(anonymous_11)
FN:164,calcRampUpTime
FN:170,(anonymous_13)
FN:189,clampAndFit01
FNF:9
FNH:0
FNDA:0,metricRampUpTime
FNDA:0,(anonymous_7)
FNDA:0,(anonymous_8)
FNDA:0,(anonymous_9)
FNDA:0,(anonymous_10)
FNDA:0,(anonymous_11)
FNDA:0,calcRampUpTime
FNDA:0,(anonymous_13)
FNDA:0,clampAndFit01
DA:1,0
DA:2,0
DA:3,0
DA:4,0
DA:6,0
DA:7,0
DA:8,0
DA:10,0
DA:49,0
DA:101,0
DA:106,0
DA:107,0
DA:109,0
DA:110,0
DA:111,0
DA:112,0
DA:113,0
DA:114,0
DA:115,0
DA:117,0
DA:118,0
DA:119,0
DA:120,0
DA:121,0
DA:122,0
DA:124,0
DA:125,0
DA:126,0
DA:127,0
DA:128,0
DA:129,0
DA:138,0
DA:139,0
DA:143,0
DA:144,0
DA:147,0
DA:148,0
DA:149,0
DA:150,0
DA:151,0
DA:152,0
DA:155,0
DA:168,0
DA:169,0
DA:170,0
DA:172,0
DA:174,0
DA:175,0
DA:176,0
DA:177,0
DA:179,0
DA:190,0
DA:191,0
LF:53
LH:0
BRDA:7,0,0,0
BRDA:109,1,0,0
BRDA:109,1,1,0
BRDA:109,2,0,0
BRDA:109,2,1,0
BRDA:110,3,0,0
BRDA:110,3,1,0
BRDA:112,4,0,0
BRDA:112,4,1,0
BRDA:114,5,0,0
BRDA:114,6,0,0
BRDA:114,6,1,0
BRDA:117,7,0,0
BRDA:117,8,0,0
BRDA:117,8,1,0
BRDA:119,9,0,0
BRDA:119,9,1,0
BRDA:121,10,0,0
BRDA:121,11,0,0
BRDA:121,11,1,0
BRDA:124,12,0,0
BRDA:124,13,0,0
BRDA:124,13,1,0
BRDA:126,14,0,0
BRDA:128,15,0,0
BRDA:128,16,0,0
BRDA:128,16,1,0
BRF:27
BRH:0
end_of_record
TN:
SF:src/metrics/responsiveness.ts
FN:80,metricResponsiveness
FN:82,(anonymous_7)
FN:86,(anonymous_8)
FN:109,(anonymous_9)
FN:116,calcResponsiveness
FN:122,(anonymous_11)
FN:133,(anonymous_12)
FN:152,clampAndFit01
FN:157,getDaysBetweenDates
FNF:9
FNH:0
FNDA:0,metricResponsiveness
FNDA:0,(anonymous_7)
FNDA:0,(anonymous_8)
FNDA:0,(anonymous_9)
FNDA:0,calcResponsiveness
FNDA:0,(anonymous_11)
FNDA:0,(anonymous_12)
FNDA:0,clampAndFit01
FNDA:0,getDaysBetweenDates
DA:1,0
DA:2,0
DA:3,0
DA:4,0
DA:6,0
DA:7,0
DA:8,0
DA:10,0
DA:45,0
DA:76,0
DA:80,0
DA:81,0
DA:83,0
DA:84,0
DA:85,0
DA:86,0
DA:87,0
DA:90,0
DA:91,0
DA:94,0
DA:95,0
DA:99,0
DA:100,0
DA:102,0
DA:103,0
DA:104,0
DA:105,0
DA:106,0
DA:107,0
DA:110,0
DA:120,0
DA:121,0
DA:122,0
DA:123,0
DA:125,0
DA:126,0
DA:127,0
DA:130,0
DA:132,0
DA:133,0
DA:135,0
DA:137,0
DA:138,0
DA:139,0
DA:140,0
DA:142,0
DA:153,0
DA:154,0
DA:158,0
DA:159,0
DA:160,0
LF:51
LH:0
BRDA:7,0,0,0
BRDA:83,1,0,0
BRDA:83,1,1,0
BRDA:83,2,0,0
BRDA:83,2,1,0
BRDA:84,3,0,0
BRDA:84,3,1,0
BRDA:84,4,0,0
BRDA:84,4,1,0
BRDA:85,5,0,0
BRDA:85,5,1,0
BRF:11
BRH:0
end_of_record
